<?xml version="1.0" encoding="UTF-8"?>
<!-- Generated by org.testng.reporters.JUnitReportReporter -->
<testsuite hostname="DESKTOP-091DT59" failures="0" tests="1" name="testcases.TestLandingPage" time="2.520" errors="0" timestamp="2024-04-06T15:44:11 IST" skipped="0">
  <testcase classname="testcases.TestLandingPage" name="setupDriver" time="2.520"/>
</testsuite> <!-- testcases.TestLandingPage -->
