<?xml version="1.0" encoding="UTF-8"?>
<!-- Generated by org.testng.reporters.JUnitReportReporter -->
<testsuite hostname="DESKTOP-091DT59" failures="0" tests="1" name="testcases.TestLandingPage" time="3.126" errors="0" timestamp="2024-04-06T16:23:12 IST" skipped="0">
  <testcase classname="testcases.TestLandingPage" name="setupDriver" time="3.126"/>
</testsuite> <!-- testcases.TestLandingPage -->
